2024-12-19 17:29:21.954 | WARNING  | __main__:main:146 - Aucune métrique valide trouvée pour SmallIphone.com
2024-12-19 17:29:21.962 | WARNING  | __main__:main:146 - Aucune métrique valide trouvée pour DreamsBubble.com
2024-12-19 17:29:21.964 | WARNING  | __main__:main:146 - Aucune métrique valide trouvée pour hansstalder.ch
2024-12-19 17:29:21.966 | WARNING  | __main__:main:146 - Aucune métrique valide trouvée pour ReflexologyAtYourPlace.com
2024-12-19 17:29:21.967 | WARNING  | __main__:main:146 - Aucune métrique valide trouvée pour yukiwbsblog.com
2024-12-19 17:29:21.967 | WARNING  | __main__:main:146 - Aucune métrique valide trouvée pour szdfht.com
2024-12-19 17:29:21.968 | WARNING  | __main__:main:146 - Aucune métrique valide trouvée pour AbudhabiSaracens.com
2024-12-19 17:29:21.968 | WARNING  | __main__:main:146 - Aucune métrique valide trouvée pour fiftynfit.com
2024-12-19 17:29:21.969 | WARNING  | __main__:main:146 - Aucune métrique valide trouvée pour Offices-To-Go.com
2024-12-19 17:29:21.969 | WARNING  | __main__:main:146 - Aucune métrique valide trouvée pour afdah-tv.com
2024-12-19 17:29:21.970 | WARNING  | __main__:main:146 - Aucune métrique valide trouvée pour Good-God.pl
2024-12-19 17:29:21.970 | WARNING  | __main__:main:146 - Aucune métrique valide trouvée pour onqhouston.com
2024-12-19 17:29:21.971 | WARNING  | __main__:main:146 - Aucune métrique valide trouvée pour takaoiwakijazz.com
2024-12-19 17:29:21.971 | WARNING  | __main__:main:146 - Aucune métrique valide trouvée pour bestecigarettesreviews.com
2024-12-19 17:29:21.972 | WARNING  | __main__:main:146 - Aucune métrique valide trouvée pour alieweb.com
2024-12-19 17:29:21.972 | WARNING  | __main__:main:146 - Aucune métrique valide trouvée pour elmitrey.com
2024-12-19 17:29:21.974 | WARNING  | __main__:main:146 - Aucune métrique valide trouvée pour foroboca.com
2024-12-19 17:29:21.978 | WARNING  | __main__:main:146 - Aucune métrique valide trouvée pour DogSarePerfect.com
2024-12-19 17:29:21.979 | WARNING  | __main__:main:146 - Aucune métrique valide trouvée pour MadForMud.com
2024-12-19 17:29:21.980 | WARNING  | __main__:main:146 - Aucune métrique valide trouvée pour TaylorDanceThePlayhouse.org
2024-12-19 17:29:21.982 | WARNING  | __main__:main:146 - Aucune métrique valide trouvée pour SolutionsQuarters.com
2024-12-19 17:29:21.983 | WARNING  | __main__:main:146 - Aucune métrique valide trouvée pour ClearcutNetworks.com
2024-12-19 17:29:21.984 | WARNING  | __main__:main:146 - Aucune métrique valide trouvée pour EliteTileDesign.com
2024-12-19 17:29:21.985 | WARNING  | __main__:main:146 - Aucune métrique valide trouvée pour lfhsjf.com
2024-12-19 17:29:21.986 | WARNING  | __main__:main:146 - Aucune métrique valide trouvée pour klosters-ferienwohnung.ch
2024-12-19 17:29:21.994 | WARNING  | __main__:main:146 - Aucune métrique valide trouvée pour Juju.su
2024-12-19 17:29:21.996 | WARNING  | __main__:main:146 - Aucune métrique valide trouvée pour cheltenhamfestivaluk.com
2024-12-19 17:29:21.997 | WARNING  | __main__:main:146 - Aucune métrique valide trouvée pour xiuwo100.com
2024-12-19 17:29:21.997 | WARNING  | __main__:main:146 - Aucune métrique valide trouvée pour ajedrezlocal.com
2024-12-19 17:29:21.997 | WARNING  | __main__:main:146 - Aucune métrique valide trouvée pour CitationsInternational.com
2024-12-19 17:29:21.998 | WARNING  | __main__:main:146 - Aucune métrique valide trouvée pour BelleviewRock.com
2024-12-19 17:29:21.998 | WARNING  | __main__:main:146 - Aucune métrique valide trouvée pour KokoMail.site
2024-12-19 17:29:21.999 | WARNING  | __main__:main:146 - Aucune métrique valide trouvée pour CrowdMarketSystems.com
2024-12-19 17:29:21.999 | WARNING  | __main__:main:146 - Aucune métrique valide trouvée pour ea1rkf.net
2024-12-19 17:29:22.000 | WARNING  | __main__:main:146 - Aucune métrique valide trouvée pour BarberSalonChairs.com
2024-12-19 17:29:22.000 | WARNING  | __main__:main:146 - Aucune métrique valide trouvée pour IndiaNewsViral.com
2024-12-19 17:29:22.001 | WARNING  | __main__:main:146 - Aucune métrique valide trouvée pour Plus-Ultra.it
2024-12-19 17:29:22.001 | WARNING  | __main__:main:146 - Aucune métrique valide trouvée pour RileyBanks.net
2024-12-19 17:29:22.002 | WARNING  | __main__:main:146 - Aucune métrique valide trouvée pour CobAresTauRant.co.uk
2024-12-19 17:29:22.002 | WARNING  | __main__:main:146 - Aucune métrique valide trouvée pour ZombieGecko.com
2024-12-19 17:29:22.003 | WARNING  | __main__:main:146 - Aucune métrique valide trouvée pour emploi-restho.com
2024-12-19 17:29:22.003 | WARNING  | __main__:main:146 - Aucune métrique valide trouvée pour OnlyFineKnives.com
2024-12-19 17:29:22.003 | WARNING  | __main__:main:146 - Aucune métrique valide trouvée pour sydcanem.com
2024-12-19 17:29:22.004 | WARNING  | __main__:main:146 - Aucune métrique valide trouvée pour fao.cl
2024-12-19 17:29:22.004 | WARNING  | __main__:main:146 - Aucune métrique valide trouvée pour SmallIphone.com
2024-12-19 17:29:22.005 | WARNING  | __main__:main:146 - Aucune métrique valide trouvée pour DreamsBubble.com
2024-12-19 17:29:22.005 | WARNING  | __main__:main:146 - Aucune métrique valide trouvée pour hansstalder.ch
2024-12-19 17:29:22.006 | WARNING  | __main__:main:146 - Aucune métrique valide trouvée pour ReflexologyAtYourPlace.com
2024-12-19 17:29:22.006 | WARNING  | __main__:main:146 - Aucune métrique valide trouvée pour yukiwbsblog.com
2024-12-19 17:29:22.006 | WARNING  | __main__:main:146 - Aucune métrique valide trouvée pour szdfht.com
2024-12-19 17:29:22.007 | WARNING  | __main__:main:146 - Aucune métrique valide trouvée pour AbudhabiSaracens.com
2024-12-19 17:29:22.008 | WARNING  | __main__:main:146 - Aucune métrique valide trouvée pour fiftynfit.com
2024-12-19 17:29:22.008 | WARNING  | __main__:main:146 - Aucune métrique valide trouvée pour Offices-To-Go.com
2024-12-19 17:29:22.009 | WARNING  | __main__:main:146 - Aucune métrique valide trouvée pour afdah-tv.com
2024-12-19 17:29:22.009 | WARNING  | __main__:main:146 - Aucune métrique valide trouvée pour Good-God.pl
2024-12-19 17:29:22.010 | WARNING  | __main__:main:146 - Aucune métrique valide trouvée pour onqhouston.com
2024-12-19 17:29:22.010 | WARNING  | __main__:main:146 - Aucune métrique valide trouvée pour takaoiwakijazz.com
2024-12-19 17:29:22.012 | WARNING  | __main__:main:146 - Aucune métrique valide trouvée pour bestecigarettesreviews.com
2024-12-19 17:29:22.012 | WARNING  | __main__:main:146 - Aucune métrique valide trouvée pour alieweb.com
2024-12-19 17:29:22.012 | WARNING  | __main__:main:146 - Aucune métrique valide trouvée pour elmitrey.com
2024-12-19 17:29:22.013 | WARNING  | __main__:main:146 - Aucune métrique valide trouvée pour foroboca.com
2024-12-19 17:29:22.013 | WARNING  | __main__:main:146 - Aucune métrique valide trouvée pour DogSarePerfect.com
2024-12-19 17:29:22.014 | WARNING  | __main__:main:146 - Aucune métrique valide trouvée pour MadForMud.com
2024-12-19 17:29:22.014 | WARNING  | __main__:main:146 - Aucune métrique valide trouvée pour TaylorDanceThePlayhouse.org
2024-12-19 17:29:22.015 | WARNING  | __main__:main:146 - Aucune métrique valide trouvée pour SolutionsQuarters.com
2024-12-19 17:29:22.015 | WARNING  | __main__:main:146 - Aucune métrique valide trouvée pour ClearcutNetworks.com
2024-12-19 17:29:22.016 | WARNING  | __main__:main:146 - Aucune métrique valide trouvée pour EliteTileDesign.com
2024-12-19 17:29:22.016 | WARNING  | __main__:main:146 - Aucune métrique valide trouvée pour lfhsjf.com
2024-12-19 17:29:22.016 | WARNING  | __main__:main:146 - Aucune métrique valide trouvée pour klosters-ferienwohnung.ch
2024-12-19 17:29:22.017 | WARNING  | __main__:main:146 - Aucune métrique valide trouvée pour Juju.su
2024-12-19 17:29:22.018 | WARNING  | __main__:main:146 - Aucune métrique valide trouvée pour One5Nine.co.uk
2024-12-19 17:29:22.019 | WARNING  | __main__:main:146 - Aucune métrique valide trouvée pour cheltenhamfestivaluk.com
2024-12-19 17:29:22.020 | WARNING  | __main__:main:146 - Aucune métrique valide trouvée pour xiuwo100.com
2024-12-19 17:29:22.020 | WARNING  | __main__:main:146 - Aucune métrique valide trouvée pour ajedrezlocal.com
2024-12-19 17:29:22.021 | WARNING  | __main__:main:146 - Aucune métrique valide trouvée pour CitationsInternational.com
2024-12-19 17:29:22.021 | WARNING  | __main__:main:146 - Aucune métrique valide trouvée pour BelleviewRock.com
2024-12-19 17:29:22.022 | WARNING  | __main__:main:146 - Aucune métrique valide trouvée pour KokoMail.site
2024-12-19 17:29:22.022 | WARNING  | __main__:main:146 - Aucune métrique valide trouvée pour CrowdMarketSystems.com
2024-12-19 17:29:22.023 | WARNING  | __main__:main:146 - Aucune métrique valide trouvée pour ea1rkf.net
2024-12-19 17:29:22.023 | WARNING  | __main__:main:146 - Aucune métrique valide trouvée pour BarberSalonChairs.com
2024-12-19 17:29:22.024 | WARNING  | __main__:main:146 - Aucune métrique valide trouvée pour IndiaNewsViral.com
2024-12-19 17:29:22.024 | WARNING  | __main__:main:146 - Aucune métrique valide trouvée pour Plus-Ultra.it
2024-12-19 17:29:22.025 | WARNING  | __main__:main:146 - Aucune métrique valide trouvée pour RileyBanks.net
2024-12-19 17:29:22.025 | WARNING  | __main__:main:146 - Aucune métrique valide trouvée pour CobAresTauRant.co.uk
2024-12-19 17:29:22.026 | WARNING  | __main__:main:146 - Aucune métrique valide trouvée pour ZombieGecko.com
2024-12-19 17:29:22.026 | WARNING  | __main__:main:146 - Aucune métrique valide trouvée pour emploi-restho.com
2024-12-19 17:29:22.027 | WARNING  | __main__:main:146 - Aucune métrique valide trouvée pour OnlyFineKnives.com
2024-12-19 17:29:22.027 | WARNING  | __main__:main:146 - Aucune métrique valide trouvée pour sydcanem.com
2024-12-19 17:29:22.028 | WARNING  | __main__:main:146 - Aucune métrique valide trouvée pour fao.cl
2024-12-19 17:29:22.028 | WARNING  | __main__:main:146 - Aucune métrique valide trouvée pour SmallIphone.com
2024-12-19 17:29:22.029 | WARNING  | __main__:main:146 - Aucune métrique valide trouvée pour DreamsBubble.com
2024-12-19 17:29:22.030 | WARNING  | __main__:main:146 - Aucune métrique valide trouvée pour hansstalder.ch
2024-12-19 17:29:22.031 | WARNING  | __main__:main:146 - Aucune métrique valide trouvée pour ReflexologyAtYourPlace.com
2024-12-19 17:29:22.031 | WARNING  | __main__:main:146 - Aucune métrique valide trouvée pour yukiwbsblog.com
2024-12-19 17:29:22.032 | WARNING  | __main__:main:146 - Aucune métrique valide trouvée pour szdfht.com
2024-12-19 17:29:22.032 | WARNING  | __main__:main:146 - Aucune métrique valide trouvée pour AbudhabiSaracens.com
2024-12-19 17:29:22.033 | WARNING  | __main__:main:146 - Aucune métrique valide trouvée pour fiftynfit.com
2024-12-19 17:29:22.033 | WARNING  | __main__:main:146 - Aucune métrique valide trouvée pour Offices-To-Go.com
2024-12-19 17:29:22.033 | WARNING  | __main__:main:146 - Aucune métrique valide trouvée pour afdah-tv.com
2024-12-19 17:29:22.034 | WARNING  | __main__:main:146 - Aucune métrique valide trouvée pour Good-God.pl
2024-12-19 17:29:22.035 | WARNING  | __main__:main:146 - Aucune métrique valide trouvée pour onqhouston.com
2024-12-19 17:29:22.035 | WARNING  | __main__:main:146 - Aucune métrique valide trouvée pour takaoiwakijazz.com
2024-12-19 17:29:22.035 | WARNING  | __main__:main:146 - Aucune métrique valide trouvée pour bestecigarettesreviews.com
2024-12-19 17:29:22.036 | WARNING  | __main__:main:146 - Aucune métrique valide trouvée pour alieweb.com
2024-12-19 17:29:22.036 | WARNING  | __main__:main:146 - Aucune métrique valide trouvée pour elmitrey.com
2024-12-19 17:29:22.037 | WARNING  | __main__:main:146 - Aucune métrique valide trouvée pour foroboca.com
2024-12-19 17:29:22.038 | WARNING  | __main__:main:146 - Aucune métrique valide trouvée pour DogSarePerfect.com
2024-12-19 17:29:22.038 | WARNING  | __main__:main:146 - Aucune métrique valide trouvée pour MadForMud.com
2024-12-19 17:29:22.039 | WARNING  | __main__:main:146 - Aucune métrique valide trouvée pour TaylorDanceThePlayhouse.org
2024-12-19 17:29:22.039 | WARNING  | __main__:main:146 - Aucune métrique valide trouvée pour SolutionsQuarters.com
2024-12-19 17:29:22.039 | WARNING  | __main__:main:146 - Aucune métrique valide trouvée pour ClearcutNetworks.com
2024-12-19 17:29:22.040 | WARNING  | __main__:main:146 - Aucune métrique valide trouvée pour EliteTileDesign.com
2024-12-19 17:29:22.041 | WARNING  | __main__:main:146 - Aucune métrique valide trouvée pour lfhsjf.com
2024-12-19 17:29:22.041 | WARNING  | __main__:main:146 - Aucune métrique valide trouvée pour klosters-ferienwohnung.ch
2024-12-19 17:29:22.041 | WARNING  | __main__:main:146 - Aucune métrique valide trouvée pour Juju.su
2024-12-19 17:29:22.042 | WARNING  | __main__:main:146 - Aucune métrique valide trouvée pour One5Nine.co.uk
2024-12-19 17:29:22.043 | WARNING  | __main__:main:146 - Aucune métrique valide trouvée pour TemaGlobalTrading.com
2024-12-19 17:29:22.043 | WARNING  | __main__:main:146 - Aucune métrique valide trouvée pour cheltenhamfestivaluk.com
2024-12-19 17:29:22.044 | WARNING  | __main__:main:146 - Aucune métrique valide trouvée pour xiuwo100.com
2024-12-19 17:29:22.044 | WARNING  | __main__:main:146 - Aucune métrique valide trouvée pour ajedrezlocal.com
2024-12-19 17:29:22.045 | WARNING  | __main__:main:146 - Aucune métrique valide trouvée pour CitationsInternational.com
2024-12-19 17:29:22.049 | WARNING  | __main__:main:146 - Aucune métrique valide trouvée pour BelleviewRock.com
2024-12-19 17:29:22.050 | WARNING  | __main__:main:146 - Aucune métrique valide trouvée pour KokoMail.site
2024-12-19 17:29:22.050 | WARNING  | __main__:main:146 - Aucune métrique valide trouvée pour CrowdMarketSystems.com
2024-12-19 17:29:22.051 | WARNING  | __main__:main:146 - Aucune métrique valide trouvée pour ea1rkf.net
2024-12-19 17:29:22.051 | WARNING  | __main__:main:146 - Aucune métrique valide trouvée pour BarberSalonChairs.com
2024-12-19 17:29:22.051 | WARNING  | __main__:main:146 - Aucune métrique valide trouvée pour IndiaNewsViral.com
2024-12-19 17:29:22.052 | WARNING  | __main__:main:146 - Aucune métrique valide trouvée pour Plus-Ultra.it
2024-12-19 17:29:22.052 | WARNING  | __main__:main:146 - Aucune métrique valide trouvée pour RileyBanks.net
2024-12-19 17:29:22.053 | WARNING  | __main__:main:146 - Aucune métrique valide trouvée pour CobAresTauRant.co.uk
2024-12-19 17:29:22.053 | WARNING  | __main__:main:146 - Aucune métrique valide trouvée pour ZombieGecko.com
2024-12-19 17:29:22.054 | WARNING  | __main__:main:146 - Aucune métrique valide trouvée pour emploi-restho.com
2024-12-19 17:29:22.055 | WARNING  | __main__:main:146 - Aucune métrique valide trouvée pour OnlyFineKnives.com
2024-12-19 17:29:22.055 | WARNING  | __main__:main:146 - Aucune métrique valide trouvée pour sydcanem.com
2024-12-19 17:29:22.056 | WARNING  | __main__:main:146 - Aucune métrique valide trouvée pour fao.cl
2024-12-19 17:29:22.056 | WARNING  | __main__:main:146 - Aucune métrique valide trouvée pour SmallIphone.com
2024-12-19 17:29:22.057 | WARNING  | __main__:main:146 - Aucune métrique valide trouvée pour DreamsBubble.com
2024-12-19 17:29:22.058 | WARNING  | __main__:main:146 - Aucune métrique valide trouvée pour hansstalder.ch
2024-12-19 17:29:22.059 | WARNING  | __main__:main:146 - Aucune métrique valide trouvée pour ReflexologyAtYourPlace.com
2024-12-19 17:29:22.059 | WARNING  | __main__:main:146 - Aucune métrique valide trouvée pour yukiwbsblog.com
2024-12-19 17:29:22.060 | WARNING  | __main__:main:146 - Aucune métrique valide trouvée pour szdfht.com
2024-12-19 17:29:22.061 | WARNING  | __main__:main:146 - Aucune métrique valide trouvée pour AbudhabiSaracens.com
2024-12-19 17:29:22.061 | WARNING  | __main__:main:146 - Aucune métrique valide trouvée pour fiftynfit.com
2024-12-19 17:29:22.062 | WARNING  | __main__:main:146 - Aucune métrique valide trouvée pour Offices-To-Go.com
2024-12-19 17:29:22.062 | WARNING  | __main__:main:146 - Aucune métrique valide trouvée pour afdah-tv.com
2024-12-19 17:29:22.063 | WARNING  | __main__:main:146 - Aucune métrique valide trouvée pour Good-God.pl
2024-12-19 17:29:22.063 | WARNING  | __main__:main:146 - Aucune métrique valide trouvée pour onqhouston.com
2024-12-19 17:29:22.064 | WARNING  | __main__:main:146 - Aucune métrique valide trouvée pour takaoiwakijazz.com
2024-12-19 17:29:22.064 | WARNING  | __main__:main:146 - Aucune métrique valide trouvée pour bestecigarettesreviews.com
2024-12-19 17:29:22.064 | WARNING  | __main__:main:146 - Aucune métrique valide trouvée pour alieweb.com
2024-12-19 17:29:22.065 | WARNING  | __main__:main:146 - Aucune métrique valide trouvée pour elmitrey.com
2024-12-19 17:29:22.065 | WARNING  | __main__:main:146 - Aucune métrique valide trouvée pour foroboca.com
2024-12-19 17:29:22.066 | WARNING  | __main__:main:146 - Aucune métrique valide trouvée pour DogSarePerfect.com
2024-12-19 17:29:22.066 | WARNING  | __main__:main:146 - Aucune métrique valide trouvée pour MadForMud.com
2024-12-19 17:29:22.067 | WARNING  | __main__:main:146 - Aucune métrique valide trouvée pour TaylorDanceThePlayhouse.org
2024-12-19 17:29:22.067 | WARNING  | __main__:main:146 - Aucune métrique valide trouvée pour SolutionsQuarters.com
2024-12-19 17:29:22.069 | WARNING  | __main__:main:146 - Aucune métrique valide trouvée pour ClearcutNetworks.com
2024-12-19 17:29:22.070 | WARNING  | __main__:main:146 - Aucune métrique valide trouvée pour EliteTileDesign.com
2024-12-19 17:29:22.070 | WARNING  | __main__:main:146 - Aucune métrique valide trouvée pour lfhsjf.com
2024-12-19 17:29:22.071 | WARNING  | __main__:main:146 - Aucune métrique valide trouvée pour klosters-ferienwohnung.ch
2024-12-19 17:29:22.071 | WARNING  | __main__:main:146 - Aucune métrique valide trouvée pour Juju.su
2024-12-19 17:29:22.071 | WARNING  | __main__:main:146 - Aucune métrique valide trouvée pour One5Nine.co.uk
2024-12-19 17:29:22.072 | WARNING  | __main__:main:146 - Aucune métrique valide trouvée pour TemaGlobalTrading.com
2024-12-19 17:29:22.072 | WARNING  | __main__:main:146 - Aucune métrique valide trouvée pour thejazu.com
2024-12-19 17:29:22.072 | WARNING  | __main__:main:146 - Aucune métrique valide trouvée pour cheltenhamfestivaluk.com
2024-12-19 17:29:22.073 | WARNING  | __main__:main:146 - Aucune métrique valide trouvée pour xiuwo100.com
2024-12-19 17:29:22.077 | WARNING  | __main__:main:146 - Aucune métrique valide trouvée pour ajedrezlocal.com
2024-12-19 17:29:22.079 | WARNING  | __main__:main:146 - Aucune métrique valide trouvée pour CitationsInternational.com
2024-12-19 17:29:22.079 | WARNING  | __main__:main:146 - Aucune métrique valide trouvée pour BelleviewRock.com
2024-12-19 17:29:22.080 | WARNING  | __main__:main:146 - Aucune métrique valide trouvée pour KokoMail.site
2024-12-19 17:29:22.080 | WARNING  | __main__:main:146 - Aucune métrique valide trouvée pour CrowdMarketSystems.com
2024-12-19 17:29:22.082 | WARNING  | __main__:main:146 - Aucune métrique valide trouvée pour ea1rkf.net
2024-12-19 17:29:22.083 | WARNING  | __main__:main:146 - Aucune métrique valide trouvée pour BarberSalonChairs.com
2024-12-19 17:29:22.085 | WARNING  | __main__:main:146 - Aucune métrique valide trouvée pour IndiaNewsViral.com
2024-12-19 17:29:22.105 | WARNING  | __main__:main:146 - Aucune métrique valide trouvée pour Plus-Ultra.it
2024-12-19 17:29:22.105 | WARNING  | __main__:main:146 - Aucune métrique valide trouvée pour RileyBanks.net
2024-12-19 17:29:22.116 | WARNING  | __main__:main:146 - Aucune métrique valide trouvée pour CobAresTauRant.co.uk
2024-12-19 17:29:22.116 | WARNING  | __main__:main:146 - Aucune métrique valide trouvée pour ZombieGecko.com
2024-12-19 17:29:22.118 | WARNING  | __main__:main:146 - Aucune métrique valide trouvée pour emploi-restho.com
2024-12-19 17:29:22.119 | WARNING  | __main__:main:146 - Aucune métrique valide trouvée pour OnlyFineKnives.com
2024-12-19 17:29:22.123 | WARNING  | __main__:main:146 - Aucune métrique valide trouvée pour sydcanem.com
2024-12-19 17:29:22.123 | WARNING  | __main__:main:146 - Aucune métrique valide trouvée pour fao.cl
2024-12-19 17:29:22.124 | WARNING  | __main__:main:146 - Aucune métrique valide trouvée pour SmallIphone.com
2024-12-19 17:29:22.124 | WARNING  | __main__:main:146 - Aucune métrique valide trouvée pour DreamsBubble.com
2024-12-19 17:29:22.125 | WARNING  | __main__:main:146 - Aucune métrique valide trouvée pour hansstalder.ch
2024-12-19 17:29:22.125 | WARNING  | __main__:main:146 - Aucune métrique valide trouvée pour ReflexologyAtYourPlace.com
2024-12-19 17:29:22.126 | WARNING  | __main__:main:146 - Aucune métrique valide trouvée pour yukiwbsblog.com
2024-12-19 17:29:22.126 | WARNING  | __main__:main:146 - Aucune métrique valide trouvée pour szdfht.com
2024-12-19 17:29:22.127 | WARNING  | __main__:main:146 - Aucune métrique valide trouvée pour AbudhabiSaracens.com
2024-12-19 17:29:22.128 | WARNING  | __main__:main:146 - Aucune métrique valide trouvée pour fiftynfit.com
2024-12-19 17:29:22.128 | WARNING  | __main__:main:146 - Aucune métrique valide trouvée pour Offices-To-Go.com
2024-12-19 17:29:22.129 | WARNING  | __main__:main:146 - Aucune métrique valide trouvée pour afdah-tv.com
2024-12-19 17:29:22.130 | WARNING  | __main__:main:146 - Aucune métrique valide trouvée pour Good-God.pl
2024-12-19 17:29:22.130 | WARNING  | __main__:main:146 - Aucune métrique valide trouvée pour onqhouston.com
2024-12-19 17:29:22.131 | WARNING  | __main__:main:146 - Aucune métrique valide trouvée pour takaoiwakijazz.com
2024-12-19 17:29:22.131 | WARNING  | __main__:main:146 - Aucune métrique valide trouvée pour bestecigarettesreviews.com
2024-12-19 17:29:22.132 | WARNING  | __main__:main:146 - Aucune métrique valide trouvée pour alieweb.com
2024-12-19 17:29:22.132 | WARNING  | __main__:main:146 - Aucune métrique valide trouvée pour elmitrey.com
2024-12-19 17:29:22.133 | WARNING  | __main__:main:146 - Aucune métrique valide trouvée pour foroboca.com
2024-12-19 17:29:22.134 | WARNING  | __main__:main:146 - Aucune métrique valide trouvée pour DogSarePerfect.com
2024-12-19 17:29:22.134 | WARNING  | __main__:main:146 - Aucune métrique valide trouvée pour MadForMud.com
2024-12-19 17:29:22.135 | WARNING  | __main__:main:146 - Aucune métrique valide trouvée pour TaylorDanceThePlayhouse.org
2024-12-19 17:29:22.136 | WARNING  | __main__:main:146 - Aucune métrique valide trouvée pour SolutionsQuarters.com
2024-12-19 17:29:22.138 | WARNING  | __main__:main:146 - Aucune métrique valide trouvée pour ClearcutNetworks.com
2024-12-19 17:29:22.139 | WARNING  | __main__:main:146 - Aucune métrique valide trouvée pour EliteTileDesign.com
2024-12-19 17:29:22.181 | WARNING  | __main__:main:146 - Aucune métrique valide trouvée pour lfhsjf.com
2024-12-19 17:29:22.181 | WARNING  | __main__:main:146 - Aucune métrique valide trouvée pour klosters-ferienwohnung.ch
2024-12-19 17:29:22.182 | WARNING  | __main__:main:146 - Aucune métrique valide trouvée pour Juju.su
2024-12-19 17:29:22.182 | WARNING  | __main__:main:146 - Aucune métrique valide trouvée pour One5Nine.co.uk
2024-12-19 17:29:22.183 | WARNING  | __main__:main:146 - Aucune métrique valide trouvée pour TemaGlobalTrading.com
2024-12-19 17:29:22.184 | WARNING  | __main__:main:146 - Aucune métrique valide trouvée pour thejazu.com
2024-12-19 17:29:22.185 | WARNING  | __main__:main:146 - Aucune métrique valide trouvée pour wendtcoinc.com
2024-12-19 17:29:22.186 | WARNING  | __main__:main:146 - Aucune métrique valide trouvée pour cheltenhamfestivaluk.com
2024-12-19 17:29:22.187 | WARNING  | __main__:main:146 - Aucune métrique valide trouvée pour xiuwo100.com
2024-12-19 17:29:22.187 | WARNING  | __main__:main:146 - Aucune métrique valide trouvée pour ajedrezlocal.com
2024-12-19 17:29:22.188 | WARNING  | __main__:main:146 - Aucune métrique valide trouvée pour CitationsInternational.com
2024-12-19 17:29:22.188 | WARNING  | __main__:main:146 - Aucune métrique valide trouvée pour BelleviewRock.com
2024-12-19 17:29:22.189 | WARNING  | __main__:main:146 - Aucune métrique valide trouvée pour KokoMail.site
2024-12-19 17:29:22.189 | WARNING  | __main__:main:146 - Aucune métrique valide trouvée pour CrowdMarketSystems.com
2024-12-19 17:29:22.190 | WARNING  | __main__:main:146 - Aucune métrique valide trouvée pour ea1rkf.net
2024-12-19 17:29:22.190 | WARNING  | __main__:main:146 - Aucune métrique valide trouvée pour BarberSalonChairs.com
2024-12-19 17:29:22.192 | WARNING  | __main__:main:146 - Aucune métrique valide trouvée pour IndiaNewsViral.com
2024-12-19 17:29:22.193 | WARNING  | __main__:main:146 - Aucune métrique valide trouvée pour Plus-Ultra.it
2024-12-19 17:29:22.193 | WARNING  | __main__:main:146 - Aucune métrique valide trouvée pour RileyBanks.net
2024-12-19 17:29:22.193 | WARNING  | __main__:main:146 - Aucune métrique valide trouvée pour CobAresTauRant.co.uk
2024-12-19 17:29:22.194 | WARNING  | __main__:main:146 - Aucune métrique valide trouvée pour ZombieGecko.com
2024-12-19 17:29:22.194 | WARNING  | __main__:main:146 - Aucune métrique valide trouvée pour emploi-restho.com
2024-12-19 17:29:22.195 | WARNING  | __main__:main:146 - Aucune métrique valide trouvée pour OnlyFineKnives.com
2024-12-19 17:29:22.196 | WARNING  | __main__:main:146 - Aucune métrique valide trouvée pour sydcanem.com
2024-12-19 17:29:22.196 | WARNING  | __main__:main:146 - Aucune métrique valide trouvée pour fao.cl
2024-12-19 17:29:22.196 | WARNING  | __main__:main:146 - Aucune métrique valide trouvée pour SmallIphone.com
2024-12-19 17:29:22.197 | WARNING  | __main__:main:146 - Aucune métrique valide trouvée pour DreamsBubble.com
2024-12-19 17:29:22.198 | WARNING  | __main__:main:146 - Aucune métrique valide trouvée pour hansstalder.ch
2024-12-19 17:29:22.198 | WARNING  | __main__:main:146 - Aucune métrique valide trouvée pour ReflexologyAtYourPlace.com
2024-12-19 17:29:22.199 | WARNING  | __main__:main:146 - Aucune métrique valide trouvée pour yukiwbsblog.com
2024-12-19 17:29:22.199 | WARNING  | __main__:main:146 - Aucune métrique valide trouvée pour szdfht.com
2024-12-19 17:29:22.199 | WARNING  | __main__:main:146 - Aucune métrique valide trouvée pour AbudhabiSaracens.com
2024-12-19 17:29:22.200 | WARNING  | __main__:main:146 - Aucune métrique valide trouvée pour fiftynfit.com
2024-12-19 17:29:22.200 | WARNING  | __main__:main:146 - Aucune métrique valide trouvée pour Offices-To-Go.com
2024-12-19 17:29:22.200 | WARNING  | __main__:main:146 - Aucune métrique valide trouvée pour afdah-tv.com
2024-12-19 17:29:22.201 | WARNING  | __main__:main:146 - Aucune métrique valide trouvée pour Good-God.pl
2024-12-19 17:29:22.201 | WARNING  | __main__:main:146 - Aucune métrique valide trouvée pour onqhouston.com
2024-12-19 17:29:22.203 | WARNING  | __main__:main:146 - Aucune métrique valide trouvée pour takaoiwakijazz.com
2024-12-19 17:29:22.204 | WARNING  | __main__:main:146 - Aucune métrique valide trouvée pour bestecigarettesreviews.com
2024-12-19 17:29:22.205 | WARNING  | __main__:main:146 - Aucune métrique valide trouvée pour alieweb.com
2024-12-19 17:29:22.206 | WARNING  | __main__:main:146 - Aucune métrique valide trouvée pour elmitrey.com
2024-12-19 17:29:22.207 | WARNING  | __main__:main:146 - Aucune métrique valide trouvée pour foroboca.com
2024-12-19 17:29:22.207 | WARNING  | __main__:main:146 - Aucune métrique valide trouvée pour DogSarePerfect.com
2024-12-19 17:29:22.208 | WARNING  | __main__:main:146 - Aucune métrique valide trouvée pour MadForMud.com
2024-12-19 17:29:22.208 | WARNING  | __main__:main:146 - Aucune métrique valide trouvée pour TaylorDanceThePlayhouse.org
2024-12-19 17:29:22.209 | WARNING  | __main__:main:146 - Aucune métrique valide trouvée pour SolutionsQuarters.com
2024-12-19 17:29:22.210 | WARNING  | __main__:main:146 - Aucune métrique valide trouvée pour ClearcutNetworks.com
2024-12-19 17:29:22.211 | WARNING  | __main__:main:146 - Aucune métrique valide trouvée pour EliteTileDesign.com
2024-12-19 17:29:22.216 | WARNING  | __main__:main:146 - Aucune métrique valide trouvée pour lfhsjf.com
2024-12-19 17:29:22.217 | WARNING  | __main__:main:146 - Aucune métrique valide trouvée pour klosters-ferienwohnung.ch
2024-12-19 17:29:22.217 | WARNING  | __main__:main:146 - Aucune métrique valide trouvée pour Juju.su
2024-12-19 17:29:22.218 | WARNING  | __main__:main:146 - Aucune métrique valide trouvée pour One5Nine.co.uk
2024-12-19 17:29:22.219 | WARNING  | __main__:main:146 - Aucune métrique valide trouvée pour TemaGlobalTrading.com
2024-12-19 17:29:22.219 | WARNING  | __main__:main:146 - Aucune métrique valide trouvée pour thejazu.com
2024-12-19 17:29:22.223 | WARNING  | __main__:main:146 - Aucune métrique valide trouvée pour wendtcoinc.com
2024-12-19 17:29:22.225 | WARNING  | __main__:main:146 - Aucune métrique valide trouvée pour homestayinvalencia.com
2024-12-19 17:29:22.227 | WARNING  | __main__:main:160 - Aucune donnée à écrire dans le fichier
2024-12-19 19:02:58.351 | WARNING  | __main__:get_bulk_seo_metrics:75 - Erreur lors de la récupération des métriques pour CuteEmbroider.shop: Locator.click: Timeout 40000ms exceeded.
Call log:
waiting for get_by_role("button", name="Submit")
  -   locator resolved to <button type="submit" class="btn btn-primary">Submit</button>
  - attempting click action
  -   waiting for element to be visible, enabled and stable
  -   element is visible, enabled and stable
  -   scrolling into view if needed
  -   done scrolling
  -   performing click action
  -   click action done
  -   waiting for scheduled navigations to finish

2024-12-19 19:04:39.365 | WARNING  | __main__:get_bulk_seo_metrics:75 - Erreur lors de la récupération des métriques pour Spiegel.mx: Locator.fill: Timeout 40000ms exceeded.
Call log:
waiting for get_by_role("textbox", name="Valid link only")

2024-12-19 19:06:20.408 | WARNING  | __main__:get_bulk_seo_metrics:75 - Erreur lors de la récupération des métriques pour premiumlasiesta.shop: Locator.fill: Timeout 40000ms exceeded.
Call log:
waiting for get_by_role("textbox", name="Valid link only")

2024-12-19 20:41:43.227 | ERROR    | __main__:get_bulk_seo_metrics:90 - Erreur critique lors de l'obtention des métriques SEO: Browser.close: Connection closed while reading from the driver
2024-12-20 16:59:35.623 | ERROR    | __main__:get_bulk_seo_metrics:100 - Erreur critique lors de l'obtention des métriques SEO: Page.goto: Timeout 40000ms exceeded.
Call log:
navigating to "https://www.checkpagerank.net/check-page-rank.php", waiting until "load"

2024-12-20 17:01:08.330 | ERROR    | __main__:get_bulk_seo_metrics:100 - Erreur critique lors de l'obtention des métriques SEO: Page.goto: Timeout 40000ms exceeded.
Call log:
navigating to "https://www.checkpagerank.net/check-page-rank.php", waiting until "load"

2024-12-20 19:21:15.629 | WARNING  | __main__:get_bulk_seo_metrics:83 - Erreur lors de la récupération des métriques pour webjanakari.in: Locator.click: Timeout 40000ms exceeded.
Call log:
waiting for get_by_role("button", name="Submit")
  -   locator resolved to <button type="submit" class="btn btn-primary">Submit</button>
  - attempting click action
  -   waiting for element to be visible, enabled and stable
  -   element is visible, enabled and stable
  -   scrolling into view if needed
  -   done scrolling
  -   performing click action
  -   click action done
  -   waiting for scheduled navigations to finish

2024-12-20 19:24:36.168 | WARNING  | __main__:get_bulk_seo_metrics:83 - Erreur lors de la récupération des métriques pour linea-numero-inmediato.buzz: Locator.click: Timeout 40000ms exceeded.
Call log:
waiting for get_by_role("button", name="Submit")
  -   locator resolved to <button type="submit" class="btn btn-primary">Submit</button>
  - attempting click action
  -   waiting for element to be visible, enabled and stable
  -   element is visible, enabled and stable
  -   scrolling into view if needed
  -   done scrolling
  -   performing click action
  -   click action done
  -   waiting for scheduled navigations to finish

2024-12-20 19:27:52.132 | WARNING  | __main__:get_bulk_seo_metrics:83 - Erreur lors de la récupération des métriques pour Circadian.fit: Locator.click: Timeout 40000ms exceeded.
Call log:
waiting for get_by_role("button", name="Submit")
  -   locator resolved to <button type="submit" class="btn btn-primary">Submit</button>
  - attempting click action
  -   waiting for element to be visible, enabled and stable
  -   element is visible, enabled and stable
  -   scrolling into view if needed
  -   done scrolling
  -   performing click action
  -   click action done
  -   waiting for scheduled navigations to finish

2024-12-20 19:29:33.157 | WARNING  | __main__:get_bulk_seo_metrics:83 - Erreur lors de la récupération des métriques pour SkiffBarber.shop: Locator.fill: Timeout 40000ms exceeded.
Call log:
waiting for get_by_role("textbox", name="Valid link only")

2024-12-20 19:31:14.189 | WARNING  | __main__:get_bulk_seo_metrics:83 - Erreur lors de la récupération des métriques pour hldetailing.co.za: Locator.fill: Timeout 40000ms exceeded.
Call log:
waiting for get_by_role("textbox", name="Valid link only")

2024-12-20 19:32:55.204 | WARNING  | __main__:get_bulk_seo_metrics:83 - Erreur lors de la récupération des métriques pour jotzy.shop: Locator.fill: Timeout 40000ms exceeded.
Call log:
waiting for get_by_role("textbox", name="Valid link only")

2024-12-20 19:34:36.222 | WARNING  | __main__:get_bulk_seo_metrics:83 - Erreur lors de la récupération des métriques pour roubang15.buzz: Locator.fill: Timeout 40000ms exceeded.
Call log:
waiting for get_by_role("textbox", name="Valid link only")

2024-12-20 19:36:17.256 | WARNING  | __main__:get_bulk_seo_metrics:83 - Erreur lors de la récupération des métriques pour w54iz1093r.shop: Locator.fill: Timeout 40000ms exceeded.
Call log:
waiting for get_by_role("textbox", name="Valid link only")

2024-12-20 19:37:58.288 | WARNING  | __main__:get_bulk_seo_metrics:83 - Erreur lors de la récupération des métriques pour abdo4d.shop: Locator.fill: Timeout 40000ms exceeded.
Call log:
waiting for get_by_role("textbox", name="Valid link only")

2024-12-20 19:39:39.330 | WARNING  | __main__:get_bulk_seo_metrics:83 - Erreur lors de la récupération des métriques pour mebelelit.shop: Locator.fill: Timeout 40000ms exceeded.
Call log:
waiting for get_by_role("textbox", name="Valid link only")

2024-12-20 19:41:20.345 | WARNING  | __main__:get_bulk_seo_metrics:83 - Erreur lors de la récupération des métriques pour elariawhisperwind.shop: Locator.fill: Timeout 40000ms exceeded.
Call log:
waiting for get_by_role("textbox", name="Valid link only")

2024-12-20 19:43:01.382 | WARNING  | __main__:get_bulk_seo_metrics:83 - Erreur lors de la récupération des métriques pour e-w.shop: Locator.fill: Timeout 40000ms exceeded.
Call log:
waiting for get_by_role("textbox", name="Valid link only")

2024-12-20 19:44:42.400 | WARNING  | __main__:get_bulk_seo_metrics:83 - Erreur lors de la récupération des métriques pour lyriafirefrost.shop: Locator.fill: Timeout 40000ms exceeded.
Call log:
waiting for get_by_role("textbox", name="Valid link only")

2024-12-20 19:46:23.472 | WARNING  | __main__:get_bulk_seo_metrics:83 - Erreur lors de la récupération des métriques pour zoeto.shop: Locator.fill: Timeout 40000ms exceeded.
Call log:
waiting for get_by_role("textbox", name="Valid link only")

2024-12-20 19:48:04.507 | WARNING  | __main__:get_bulk_seo_metrics:83 - Erreur lors de la récupération des métriques pour dlfpcr.shop: Locator.fill: Timeout 40000ms exceeded.
Call log:
waiting for get_by_role("textbox", name="Valid link only")

2024-12-20 19:49:45.545 | WARNING  | __main__:get_bulk_seo_metrics:83 - Erreur lors de la récupération des métriques pour alpilean-loss.shop: Locator.fill: Timeout 40000ms exceeded.
Call log:
waiting for get_by_role("textbox", name="Valid link only")

2024-12-20 19:51:26.579 | WARNING  | __main__:get_bulk_seo_metrics:83 - Erreur lors de la récupération des métriques pour giglife.in: Locator.fill: Timeout 40000ms exceeded.
Call log:
waiting for get_by_role("textbox", name="Valid link only")

2024-12-20 19:53:07.615 | WARNING  | __main__:get_bulk_seo_metrics:83 - Erreur lors de la récupération des métriques pour tianyalt.shop: Locator.fill: Timeout 40000ms exceeded.
Call log:
waiting for get_by_role("textbox", name="Valid link only")

2024-12-20 19:54:48.640 | WARNING  | __main__:get_bulk_seo_metrics:83 - Erreur lors de la récupération des métriques pour Respire.shop: Locator.fill: Timeout 40000ms exceeded.
Call log:
waiting for get_by_role("textbox", name="Valid link only")

2024-12-21 15:28:34.557 | ERROR    | __main__:get_total_pages:337 - Erreur lors de la récupération du nombre de pages : Locator.text_content: Timeout 60000ms exceeded.
Call log:
waiting for locator("div.pageinfo.right").first

2024-12-21 15:28:34.560 | WARNING  | __main__:get_domains_from_expired_domains:423 - Aucune page disponible ou erreur dans l'extraction du nombre de pages.
2024-12-21 20:20:38.771 | WARNING  | __main__:get_bulk_seo_metrics:83 - Erreur lors de la récupération des métriques pour Monroe-Boutique.shop: Locator.click: Timeout 40000ms exceeded.
Call log:
waiting for get_by_role("button", name="Submit")
  -   locator resolved to <button type="submit" class="btn btn-primary">Submit</button>
  - attempting click action
  -   waiting for element to be visible, enabled and stable
  -   element is visible, enabled and stable
  -   scrolling into view if needed
  -   done scrolling
  -   performing click action
  -   click action done
  -   waiting for scheduled navigations to finish

2024-12-21 20:20:42.056 | WARNING  | __main__:get_bulk_seo_metrics:83 - Erreur lors de la récupération des métriques pour HotDealsBoard.com: Locator.click: Timeout 40000ms exceeded.
Call log:
waiting for get_by_role("button", name="Submit")
  -   locator resolved to <button type="submit" class="btn btn-primary">Submit</button>
  - attempting click action
  -   waiting for element to be visible, enabled and stable
  -   element is visible, enabled and stable
  -   scrolling into view if needed
  -   done scrolling
  -   performing click action
  -   click action done
  -   waiting for scheduled navigations to finish

2024-12-21 20:22:19.798 | WARNING  | __main__:get_bulk_seo_metrics:83 - Erreur lors de la récupération des métriques pour v85dv487d.shop: Locator.fill: Timeout 40000ms exceeded.
Call log:
waiting for get_by_role("textbox", name="Valid link only")

2024-12-21 20:22:24.274 | WARNING  | __main__:get_bulk_seo_metrics:83 - Erreur lors de la récupération des métriques pour soxihuan.com: Locator.click: Timeout 40000ms exceeded.
Call log:
waiting for get_by_role("button", name="Submit")
  -   locator resolved to <button type="submit" class="btn btn-primary">Submit</button>
  - attempting click action
  -   waiting for element to be visible, enabled and stable
  -   element is visible, enabled and stable
  -   scrolling into view if needed
  -   done scrolling
  -   performing click action
  -   click action done
  -   waiting for scheduled navigations to finish

2024-12-21 20:24:00.720 | WARNING  | __main__:get_bulk_seo_metrics:83 - Erreur lors de la récupération des métriques pour Home-Travel.shop: Locator.fill: Timeout 40000ms exceeded.
Call log:
waiting for get_by_role("textbox", name="Valid link only")

2024-12-21 20:24:05.188 | WARNING  | __main__:get_bulk_seo_metrics:83 - Erreur lors de la récupération des métriques pour aktywnisportowo.pl: Locator.fill: Timeout 40000ms exceeded.
Call log:
waiting for get_by_role("textbox", name="Valid link only")

2024-12-21 20:25:46.212 | WARNING  | __main__:get_bulk_seo_metrics:83 - Erreur lors de la récupération des métriques pour NeuroBiz.pl: Locator.fill: Timeout 40000ms exceeded.
Call log:
waiting for get_by_role("textbox", name="Valid link only")

2024-12-21 20:27:27.293 | WARNING  | __main__:get_bulk_seo_metrics:83 - Erreur lors de la récupération des métriques pour OnlyDesigned.com: Locator.fill: Timeout 40000ms exceeded.
Call log:
waiting for get_by_role("textbox", name="Valid link only")

2024-12-21 20:29:08.313 | WARNING  | __main__:get_bulk_seo_metrics:83 - Erreur lors de la récupération des métriques pour badaportal.com: Locator.fill: Timeout 40000ms exceeded.
Call log:
waiting for get_by_role("textbox", name="Valid link only")

2024-12-21 20:30:49.352 | WARNING  | __main__:get_bulk_seo_metrics:83 - Erreur lors de la récupération des métriques pour It-Depot.net: Locator.fill: Timeout 40000ms exceeded.
Call log:
waiting for get_by_role("textbox", name="Valid link only")

2024-12-21 20:32:30.374 | WARNING  | __main__:get_bulk_seo_metrics:83 - Erreur lors de la récupération des métriques pour tusorquideas.com: Locator.fill: Timeout 40000ms exceeded.
Call log:
waiting for get_by_role("textbox", name="Valid link only")

2024-12-21 20:34:11.497 | WARNING  | __main__:get_bulk_seo_metrics:83 - Erreur lors de la récupération des métriques pour jzfenlei.com: Locator.fill: Timeout 40000ms exceeded.
Call log:
waiting for get_by_role("textbox", name="Valid link only")

2024-12-21 20:35:52.517 | WARNING  | __main__:get_bulk_seo_metrics:83 - Erreur lors de la récupération des métriques pour WhiteKnightCasino.com: Locator.fill: Timeout 40000ms exceeded.
Call log:
waiting for get_by_role("textbox", name="Valid link only")

2024-12-21 20:37:33.542 | WARNING  | __main__:get_bulk_seo_metrics:83 - Erreur lors de la récupération des métriques pour ballz.co.za: Locator.fill: Timeout 40000ms exceeded.
Call log:
waiting for get_by_role("textbox", name="Valid link only")

2024-12-21 20:39:14.645 | WARNING  | __main__:get_bulk_seo_metrics:83 - Erreur lors de la récupération des métriques pour MoneyInternetBlog.com: Locator.fill: Timeout 40000ms exceeded.
Call log:
waiting for get_by_role("textbox", name="Valid link only")

2024-12-21 20:40:55.689 | WARNING  | __main__:get_bulk_seo_metrics:83 - Erreur lors de la récupération des métriques pour modirs.ir: Locator.fill: Timeout 40000ms exceeded.
Call log:
waiting for get_by_role("textbox", name="Valid link only")

2024-12-21 20:42:36.705 | WARNING  | __main__:get_bulk_seo_metrics:83 - Erreur lors de la récupération des métriques pour robertmatuszewski.pl: Locator.fill: Timeout 40000ms exceeded.
Call log:
waiting for get_by_role("textbox", name="Valid link only")

2024-12-21 20:44:17.739 | WARNING  | __main__:get_bulk_seo_metrics:83 - Erreur lors de la récupération des métriques pour RussianOnline.tv: Locator.fill: Timeout 40000ms exceeded.
Call log:
waiting for get_by_role("textbox", name="Valid link only")

2024-12-21 20:45:58.749 | WARNING  | __main__:get_bulk_seo_metrics:83 - Erreur lors de la récupération des métriques pour privatovendecasa.com: Locator.fill: Timeout 40000ms exceeded.
Call log:
waiting for get_by_role("textbox", name="Valid link only")

2024-12-21 20:47:39.761 | WARNING  | __main__:get_bulk_seo_metrics:83 - Erreur lors de la récupération des métriques pour DragonVale.net: Locator.fill: Timeout 40000ms exceeded.
Call log:
waiting for get_by_role("textbox", name="Valid link only")

2024-12-21 20:49:20.791 | WARNING  | __main__:get_bulk_seo_metrics:83 - Erreur lors de la récupération des métriques pour advicenter.com: Locator.fill: Timeout 40000ms exceeded.
Call log:
waiting for get_by_role("textbox", name="Valid link only")

2024-12-21 20:51:01.824 | WARNING  | __main__:get_bulk_seo_metrics:83 - Erreur lors de la récupération des métriques pour TheCreativeIt.com: Locator.fill: Timeout 40000ms exceeded.
Call log:
waiting for get_by_role("textbox", name="Valid link only")

2024-12-23 11:51:38.531 | ERROR    | __main__:get_bulk_seo_metrics:100 - Erreur critique lors de l'obtention des métriques SEO: Browser.close: Connection closed while reading from the driver
2024-12-24 06:03:00.233 | WARNING  | __main__:get_bulk_seo_metrics:88 - Erreur lors de la récupération des métriques pour AsDoutLet.shop: 'NoneType' object has no attribute 'get_text'
2024-12-24 06:05:36.253 | WARNING  | __main__:get_bulk_seo_metrics:88 - Erreur lors de la récupération des métriques pour AsDoutLet.shop: 'Page' object has no attribute 'page'
2024-12-24 06:06:47.217 | WARNING  | __main__:get_bulk_seo_metrics:88 - Erreur lors de la récupération des métriques pour asn3b5.shop: 'Page' object has no attribute 'page'
2024-12-24 06:09:14.198 | ERROR    | __main__:get_bulk_seo_metrics:106 - Erreur critique lors de l'obtention des métriques SEO: Page.goto: Timeout 40000ms exceeded.
Call log:
navigating to "https://www.checkpagerank.net/index.php", waiting until "load"

2024-12-24 06:17:10.421 | WARNING  | __main__:get_bulk_seo_metrics:89 - Erreur lors de la récupération des métriques pour AsDoutLet.shop: 'root_ip'
2024-12-24 06:19:19.824 | ERROR    | __main__:get_bulk_seo_metrics:106 - Erreur critique lors de l'obtention des métriques SEO: Page.goto: Timeout 40000ms exceeded.
Call log:
navigating to "https://www.checkpagerank.net/check-page-rank.php", waiting until "load"

2024-12-24 06:22:47.921 | WARNING  | __main__:get_bulk_seo_metrics:89 - Erreur lors de la récupération des métriques pour AsDoutLet.shop: 'Page' object has no attribute 'page'
2024-12-24 06:24:09.717 | WARNING  | __main__:get_bulk_seo_metrics:89 - Erreur lors de la récupération des métriques pour asn3b5.shop: 'Page' object has no attribute 'page'
2024-12-24 06:26:59.219 | ERROR    | __main__:get_bulk_seo_metrics:107 - Erreur critique lors de l'obtention des métriques SEO: Page.goto: Timeout 40000ms exceeded.
Call log:
navigating to "https://www.checkpagerank.net/check-page-rank.php", waiting until "load"

2024-12-24 06:30:11.995 | ERROR    | __main__:get_bulk_seo_metrics:108 - Erreur critique lors de l'obtention des métriques SEO: Page.goto: Timeout 40000ms exceeded.
Call log:
navigating to "https://www.checkpagerank.net/index.php", waiting until "load"

2024-12-24 06:32:09.476 | ERROR    | __main__:get_bulk_seo_metrics:108 - Erreur critique lors de l'obtention des métriques SEO: Page.goto: Timeout 40000ms exceeded.
Call log:
navigating to "https://www.checkpagerank.net/index.php", waiting until "load"

2024-12-24 06:34:25.723 | ERROR    | __main__:get_bulk_seo_metrics:100 - Erreur critique lors de l'obtention des métriques SEO: Page.goto: Timeout 40000ms exceeded.
Call log:
navigating to "https://www.checkpagerank.net/check-page-rank.php", waiting until "load"

2024-12-24 07:10:43.564 | WARNING  | __main__:get_bulk_seo_metrics:89 - Erreur lors de la récupération des métriques pour AsDoutLet.shop: 'root_ip'
2024-12-24 09:01:49.102 | WARNING  | __main__:get_bulk_seo_metrics:91 - Erreur lors de la récupération des métriques pour AllSystems.org: Locator.click: Timeout 40000ms exceeded.
Call log:
waiting for get_by_role("button", name="Submit")
  -   locator resolved to <button type="submit" class="btn btn-primary">Submit</button>
  - attempting click action
  -   waiting for element to be visible, enabled and stable
  -   element is visible, enabled and stable
  -   scrolling into view if needed
  -   done scrolling
  -   performing click action
  -   click action done
  -   waiting for scheduled navigations to finish

2024-12-24 09:50:03.171 | WARNING  | __main__:get_bulk_seo_metrics:91 - Erreur lors de la récupération des métriques pour AgriCultOres.org: Locator.fill: Timeout 40000ms exceeded.
Call log:
waiting for get_by_role("textbox", name="Valid link only")

2024-12-24 10:24:49.183 | WARNING  | __main__:get_bulk_seo_metrics:91 - Erreur lors de la récupération des métriques pour MicroApp.org: Locator.fill: Timeout 40000ms exceeded.
Call log:
waiting for get_by_role("textbox", name="Valid link only")

2024-12-24 10:38:26.675 | WARNING  | __main__:get_bulk_seo_metrics:91 - Erreur lors de la récupération des métriques pour bunceisland3d.org: Locator.fill: Timeout 40000ms exceeded.
Call log:
waiting for get_by_role("textbox", name="Valid link only")

2024-12-24 10:40:07.711 | WARNING  | __main__:get_bulk_seo_metrics:91 - Erreur lors de la récupération des métriques pour mbhealthoh.org: Locator.fill: Timeout 40000ms exceeded.
Call log:
waiting for get_by_role("textbox", name="Valid link only")

2024-12-24 10:41:48.739 | WARNING  | __main__:get_bulk_seo_metrics:91 - Erreur lors de la récupération des métriques pour StrongerBones.org: Locator.fill: Timeout 40000ms exceeded.
Call log:
waiting for get_by_role("textbox", name="Valid link only")

2024-12-24 10:43:29.793 | WARNING  | __main__:get_bulk_seo_metrics:91 - Erreur lors de la récupération des métriques pour CasinoDomain.org: Locator.fill: Timeout 40000ms exceeded.
Call log:
waiting for get_by_role("textbox", name="Valid link only")

2024-12-24 10:45:10.807 | WARNING  | __main__:get_bulk_seo_metrics:91 - Erreur lors de la récupération des métriques pour MediaLibre.org: Locator.fill: Timeout 40000ms exceeded.
Call log:
waiting for get_by_role("textbox", name="Valid link only")

2024-12-24 10:46:51.817 | WARNING  | __main__:get_bulk_seo_metrics:91 - Erreur lors de la récupération des métriques pour ToWar.org: Locator.fill: Timeout 40000ms exceeded.
Call log:
waiting for get_by_role("textbox", name="Valid link only")

2024-12-24 10:48:32.829 | WARNING  | __main__:get_bulk_seo_metrics:91 - Erreur lors de la récupération des métriques pour europrojekt.org: Locator.fill: Timeout 40000ms exceeded.
Call log:
waiting for get_by_role("textbox", name="Valid link only")

2024-12-24 10:50:13.839 | WARNING  | __main__:get_bulk_seo_metrics:91 - Erreur lors de la récupération des métriques pour ridnavira.org: Locator.fill: Timeout 40000ms exceeded.
Call log:
waiting for get_by_role("textbox", name="Valid link only")

2024-12-24 10:51:54.856 | WARNING  | __main__:get_bulk_seo_metrics:91 - Erreur lors de la récupération des métriques pour timanfaya.org: Locator.fill: Timeout 40000ms exceeded.
Call log:
waiting for get_by_role("textbox", name="Valid link only")

2024-12-24 11:23:06.049 | WARNING  | __main__:get_bulk_seo_metrics:91 - Erreur lors de la récupération des métriques pour pnaior.org: Locator.fill: Timeout 40000ms exceeded.
Call log:
waiting for get_by_role("textbox", name="Valid link only")

2024-12-24 11:26:46.212 | WARNING  | __main__:get_bulk_seo_metrics:91 - Erreur lors de la récupération des métriques pour palestineblogs.org: Locator.fill: Timeout 40000ms exceeded.
Call log:
waiting for get_by_role("textbox", name="Valid link only")

2024-12-24 12:55:41.106 | ERROR    | __main__:get_bulk_seo_metrics:108 - Erreur critique lors de l'obtention des métriques SEO: Page.goto: Timeout 60000ms exceeded.
Call log:
navigating to "https://www.checkpagerank.net/index.php", waiting until "domcontentloaded"

2024-12-24 20:40:36.328 | ERROR    | __main__:get_bulk_seo_metrics:108 - Erreur critique lors de l'obtention des métriques SEO: Page.goto: Timeout 60000ms exceeded.
Call log:
navigating to "https://www.checkpagerank.net/index.php", waiting until "domcontentloaded"

2024-12-24 20:44:11.634 | ERROR    | __main__:get_bulk_seo_metrics:108 - Erreur critique lors de l'obtention des métriques SEO: Page.goto: Timeout 60000ms exceeded.
Call log:
navigating to "https://www.checkpagerank.net/index.php", waiting until "domcontentloaded"

2024-12-24 20:46:01.068 | ERROR    | __main__:get_bulk_seo_metrics:108 - Erreur critique lors de l'obtention des métriques SEO: Page.goto: Timeout 60000ms exceeded.
Call log:
navigating to "https://www.checkpagerank.net/check-page-rank.php", waiting until "domcontentloaded"

2024-12-25 08:10:41.052 | ERROR    | __main__:save_batch_metrics:166 - Erreur lors de la sauvegarde du lot: module 'datetime' has no attribute 'now'
2024-12-25 11:00:53.343 | WARNING  | __main__:get_bulk_seo_metrics:92 - Erreur lors de la récupération des métriques pour ebaa.shop: Locator.click: Timeout 40000ms exceeded.
Call log:
waiting for get_by_role("button", name="Submit")
  -   locator resolved to <button type="submit" class="btn btn-primary">Submit</button>
  - attempting click action
  -   waiting for element to be visible, enabled and stable
  -   element is visible, enabled and stable
  -   scrolling into view if needed
  -   done scrolling
  -   performing click action
  -   click action done
  -   waiting for scheduled navigations to finish

2024-12-25 11:34:15.027 | WARNING  | __main__:get_bulk_seo_metrics:92 - Erreur lors de la récupération des métriques pour tmtltd.uk: Locator.fill: Timeout 40000ms exceeded.
Call log:
waiting for get_by_role("textbox", name="Valid link only")

2024-12-25 22:08:56.709 | WARNING  | __main__:get_bulk_seo_metrics:92 - Erreur lors de la récupération des métriques pour AppAlbum.org: Locator.click: Timeout 40000ms exceeded.
Call log:
waiting for get_by_role("button", name="Submit")
  -   locator resolved to <button type="submit" class="btn btn-primary">Submit</button>
  - attempting click action
  -   waiting for element to be visible, enabled and stable
  -   element is visible, enabled and stable
  -   scrolling into view if needed
  -   done scrolling
  -   performing click action
  -   click action done
  -   waiting for scheduled navigations to finish

2024-12-25 22:09:38.635 | WARNING  | __main__:get_bulk_seo_metrics:88 - Erreur lors de la récupération des métriques pour SocialExchangeList.com: Locator.click: Timeout 60000ms exceeded.
Call log:
waiting for get_by_role("button", name="Submit")
  -   locator resolved to <button type="submit" class="btn btn-primary">Submit</button>
  - attempting click action
  -   waiting for element to be visible, enabled and stable
  -   element is visible, enabled and stable
  -   scrolling into view if needed
  -   done scrolling
  -   performing click action
  -   click action done
  -   waiting for scheduled navigations to finish

2024-12-25 22:10:37.730 | WARNING  | __main__:get_bulk_seo_metrics:92 - Erreur lors de la récupération des métriques pour SunsetNurserySchool.org: Locator.fill: Timeout 40000ms exceeded.
Call log:
waiting for get_by_role("textbox", name="Valid link only")

2024-12-25 22:11:39.656 | WARNING  | __main__:get_bulk_seo_metrics:88 - Erreur lors de la récupération des métriques pour jofair.com: Locator.fill: Timeout 60000ms exceeded.
Call log:
waiting for get_by_role("textbox", name="Valid link only")

2024-12-25 22:12:18.786 | WARNING  | __main__:get_bulk_seo_metrics:92 - Erreur lors de la récupération des métriques pour thelucicenter.org: Locator.fill: Timeout 40000ms exceeded.
Call log:
waiting for get_by_role("textbox", name="Valid link only")

2024-12-25 22:13:40.688 | WARNING  | __main__:get_bulk_seo_metrics:88 - Erreur lors de la récupération des métriques pour IdeeBee.com: Locator.fill: Timeout 60000ms exceeded.
Call log:
waiting for get_by_role("textbox", name="Valid link only")

2024-12-26 02:01:31.463 | WARNING  | __main__:get_bulk_seo_metrics:88 - Erreur lors de la récupération des métriques pour cyberjaya.name: Locator.click: Timeout 60000ms exceeded.
Call log:
waiting for get_by_role("button", name="Submit")
  -   locator resolved to <button type="submit" class="btn btn-primary">Submit</button>
  - attempting click action
  -   waiting for element to be visible, enabled and stable
  -   element is visible, enabled and stable
  -   scrolling into view if needed
  -   done scrolling
  -   performing click action
  -   click action done
  -   waiting for scheduled navigations to finish

2024-12-26 02:03:32.466 | WARNING  | __main__:get_bulk_seo_metrics:88 - Erreur lors de la récupération des métriques pour TopWindChimes.com: Locator.fill: Timeout 60000ms exceeded.
Call log:
waiting for get_by_role("textbox", name="Valid link only")

2024-12-26 02:05:33.475 | WARNING  | __main__:get_bulk_seo_metrics:88 - Erreur lors de la récupération des métriques pour PrintHotCoupons.com: Locator.fill: Timeout 60000ms exceeded.
Call log:
waiting for get_by_role("textbox", name="Valid link only")

2024-12-26 02:22:03.187 | WARNING  | __main__:get_bulk_seo_metrics:88 - Erreur lors de la récupération des métriques pour canexel.net: Locator.fill: Timeout 60000ms exceeded.
Call log:
waiting for get_by_role("textbox", name="Valid link only")

2024-12-26 02:57:53.035 | WARNING  | __main__:get_bulk_seo_metrics:88 - Erreur lors de la récupération des métriques pour yldsr.com: Locator.fill: Timeout 60000ms exceeded.
Call log:
waiting for get_by_role("textbox", name="Valid link only")

2024-12-26 03:33:48.033 | WARNING  | __main__:get_bulk_seo_metrics:88 - Erreur lors de la récupération des métriques pour muma-blog.com: Locator.fill: Timeout 60000ms exceeded.
Call log:
waiting for get_by_role("textbox", name="Valid link only")

2024-12-26 04:01:28.030 | WARNING  | __main__:get_bulk_seo_metrics:88 - Erreur lors de la récupération des métriques pour avaloncomsvs.com: Locator.fill: Timeout 60000ms exceeded.
Call log:
waiting for get_by_role("textbox", name="Valid link only")

2024-12-26 04:03:30.573 | WARNING  | __main__:get_bulk_seo_metrics:88 - Erreur lors de la récupération des métriques pour EyeDidntKnowThat.info: Locator.fill: Timeout 60000ms exceeded.
Call log:
waiting for get_by_role("textbox", name="Valid link only")

2024-12-26 04:05:31.586 | WARNING  | __main__:get_bulk_seo_metrics:88 - Erreur lors de la récupération des métriques pour ic-mp.org: Locator.fill: Timeout 60000ms exceeded.
Call log:
waiting for get_by_role("textbox", name="Valid link only")

2024-12-26 04:07:32.605 | WARNING  | __main__:get_bulk_seo_metrics:88 - Erreur lors de la récupération des métriques pour themxua.net: Locator.fill: Timeout 60000ms exceeded.
Call log:
waiting for get_by_role("textbox", name="Valid link only")

2024-12-26 04:09:33.616 | WARNING  | __main__:get_bulk_seo_metrics:88 - Erreur lors de la récupération des métriques pour PutVote.com: Locator.fill: Timeout 60000ms exceeded.
Call log:
waiting for get_by_role("textbox", name="Valid link only")

2024-12-26 04:11:34.636 | WARNING  | __main__:get_bulk_seo_metrics:88 - Erreur lors de la récupération des métriques pour quejalada.com: Locator.fill: Timeout 60000ms exceeded.
Call log:
waiting for get_by_role("textbox", name="Valid link only")

2024-12-26 04:13:35.644 | WARNING  | __main__:get_bulk_seo_metrics:88 - Erreur lors de la récupération des métriques pour xpradlo.cz: Locator.fill: Timeout 60000ms exceeded.
Call log:
waiting for get_by_role("textbox", name="Valid link only")

2024-12-26 04:15:36.675 | WARNING  | __main__:get_bulk_seo_metrics:88 - Erreur lors de la récupération des métriques pour gplusthai.com: Locator.fill: Timeout 60000ms exceeded.
Call log:
waiting for get_by_role("textbox", name="Valid link only")

2024-12-26 04:17:37.693 | WARNING  | __main__:get_bulk_seo_metrics:88 - Erreur lors de la récupération des métriques pour efl.org.au: Locator.fill: Timeout 60000ms exceeded.
Call log:
waiting for get_by_role("textbox", name="Valid link only")

2024-12-26 04:19:38.697 | WARNING  | __main__:get_bulk_seo_metrics:88 - Erreur lors de la récupération des métriques pour InteractIvy.com: Locator.fill: Timeout 60000ms exceeded.
Call log:
waiting for get_by_role("textbox", name="Valid link only")

2024-12-26 04:21:39.714 | WARNING  | __main__:get_bulk_seo_metrics:88 - Erreur lors de la récupération des métriques pour le9le.com: Locator.fill: Timeout 60000ms exceeded.
Call log:
waiting for get_by_role("textbox", name="Valid link only")

2024-12-26 04:23:40.731 | WARNING  | __main__:get_bulk_seo_metrics:88 - Erreur lors de la récupération des métriques pour suhairi.com: Locator.fill: Timeout 60000ms exceeded.
Call log:
waiting for get_by_role("textbox", name="Valid link only")

2024-12-26 04:25:41.745 | WARNING  | __main__:get_bulk_seo_metrics:88 - Erreur lors de la récupération des métriques pour thaiebayuser.com: Locator.fill: Timeout 60000ms exceeded.
Call log:
waiting for get_by_role("textbox", name="Valid link only")

2024-12-26 04:27:42.756 | WARNING  | __main__:get_bulk_seo_metrics:88 - Erreur lors de la récupération des métriques pour bitronic.ir: Locator.fill: Timeout 60000ms exceeded.
Call log:
waiting for get_by_role("textbox", name="Valid link only")

2024-12-26 04:29:43.771 | WARNING  | __main__:get_bulk_seo_metrics:88 - Erreur lors de la récupération des métriques pour Teenage-RockStar.net: Locator.fill: Timeout 60000ms exceeded.
Call log:
waiting for get_by_role("textbox", name="Valid link only")

2024-12-26 04:31:44.782 | WARNING  | __main__:get_bulk_seo_metrics:88 - Erreur lors de la récupération des métriques pour AllPics.net: Locator.fill: Timeout 60000ms exceeded.
Call log:
waiting for get_by_role("textbox", name="Valid link only")

2024-12-26 04:33:45.799 | WARNING  | __main__:get_bulk_seo_metrics:88 - Erreur lors de la récupération des métriques pour sd-xd.com: Locator.fill: Timeout 60000ms exceeded.
Call log:
waiting for get_by_role("textbox", name="Valid link only")

2024-12-26 04:35:46.811 | WARNING  | __main__:get_bulk_seo_metrics:88 - Erreur lors de la récupération des métriques pour ThaiAutoshop.com: Locator.fill: Timeout 60000ms exceeded.
Call log:
waiting for get_by_role("textbox", name="Valid link only")

2024-12-26 04:37:47.872 | WARNING  | __main__:get_bulk_seo_metrics:88 - Erreur lors de la récupération des métriques pour Quinte-Base.com: Locator.fill: Timeout 60000ms exceeded.
Call log:
waiting for get_by_role("textbox", name="Valid link only")

2024-12-26 04:39:48.880 | WARNING  | __main__:get_bulk_seo_metrics:88 - Erreur lors de la récupération des métriques pour jpe-encore.com: Locator.fill: Timeout 60000ms exceeded.
Call log:
waiting for get_by_role("textbox", name="Valid link only")

